  [1m[35m (121.2ms)[0m  [1m[35mCREATE DATABASE "first_routes_controllers_development" ENCODING = 'unicode'[0m
  [1m[35m (82.3ms)[0m  [1m[35mCREATE DATABASE "first_routes_controllers_test" ENCODING = 'unicode'[0m
Started GET "/" for ::1 at 2023-01-11 14:16:06 -0800
Processing by Rails::WelcomeController#index as */*
  Rendering /Users/omarcamacho/.rbenv/versions/3.1.1/lib/ruby/gems/3.1.0/gems/railties-7.0.4/lib/rails/templates/rails/welcome/index.html.erb
  Rendered /Users/omarcamacho/.rbenv/versions/3.1.1/lib/ruby/gems/3.1.0/gems/railties-7.0.4/lib/rails/templates/rails/welcome/index.html.erb (Duration: 1.7ms | Allocations: 527)
Completed 200 OK in 11ms (Views: 5.6ms | ActiveRecord: 0.0ms | Allocations: 2842)


Started GET "/" for ::1 at 2023-01-11 14:19:24 -0800
Processing by Rails::WelcomeController#index as */*
  Rendering /Users/omarcamacho/.rbenv/versions/3.1.1/lib/ruby/gems/3.1.0/gems/railties-7.0.4/lib/rails/templates/rails/welcome/index.html.erb
  Rendered /Users/omarcamacho/.rbenv/versions/3.1.1/lib/ruby/gems/3.1.0/gems/railties-7.0.4/lib/rails/templates/rails/welcome/index.html.erb (Duration: 1.5ms | Allocations: 278)
Completed 200 OK in 3ms (Views: 2.2ms | ActiveRecord: 0.0ms | Allocations: 957)


Started GET "/1" for ::1 at 2023-01-11 14:20:16 -0800
  
ActionController::RoutingError (No route matches [GET] "/1"):
  
Started GET "/users/1" for ::1 at 2023-01-11 14:20:53 -0800
Processing by UsersController#index as */*
  Parameters: {"id"=>"1"}
  Rendering text template
  Rendered text template (Duration: 0.0ms | Allocations: 10)
Completed 200 OK in 2ms (Views: 2.0ms | ActiveRecord: 0.0ms | Allocations: 560)


Started GET "/users?fav_food=pizza" for ::1 at 2023-01-11 14:23:35 -0800
  
ActionController::RoutingError (No route matches [GET] "/users"):
  
Started GET "/users?fav_food=pizza" for ::1 at 2023-01-11 14:24:35 -0800
  
ActionController::RoutingError (No route matches [GET] "/users"):
  
Started GET "/users?fav_food=pizza" for ::1 at 2023-01-11 14:26:33 -0800
  
ActionController::RoutingError (No route matches [GET] "/users"):
  
Started GET "//users?fav_food=pizza" for ::1 at 2023-01-11 14:29:37 -0800
  
ActionController::RoutingError (No route matches [GET] "/users"):
  
Started GET "/users?fav_food=pizza" for ::1 at 2023-01-11 14:29:55 -0800
  
ActionController::RoutingError (No route matches [GET] "/users"):
  
Started GET "/users?fav_food=pizza" for ::1 at 2023-01-11 14:31:39 -0800
Processing by UsersController#index as */*
  Parameters: {"fav_food"=>"pizza"}
  Rendering text template
  Rendered text template (Duration: 0.0ms | Allocations: 10)
Completed 200 OK in 2ms (Views: 1.9ms | ActiveRecord: 0.0ms | Allocations: 712)


Started POST "/users?fav_food=pizza" for ::1 at 2023-01-11 14:33:30 -0800
Processing by UsersController#create as */*
  Parameters: {"fav_food"=>"pizza"}
Completed 200 OK in 2ms (Views: 1.3ms | ActiveRecord: 0.0ms | Allocations: 255)


Started GET "/users/2" for ::1 at 2023-01-11 14:35:42 -0800
Processing by UsersController#show as */*
  Parameters: {"id"=>"2"}
Completed 200 OK in 0ms (Views: 0.2ms | ActiveRecord: 0.0ms | Allocations: 211)


Started GET "/users" for ::1 at 2023-01-11 14:38:27 -0800
Processing by UsersController#index as */*
  Parameters: {"some_category"=>{"a_key"=>"[FILTERED]", "a_second_key"=>"[FILTERED]", "inner_inner_hash"=>{"key"=>"value"}}, "something_else"=>"aaahhhhh"}
  Rendering text template
  Rendered text template (Duration: 0.0ms | Allocations: 7)
Completed 200 OK in 1ms (Views: 0.7ms | ActiveRecord: 0.0ms | Allocations: 448)


Started GET "/users" for ::1 at 2023-01-11 14:39:11 -0800
Processing by UsersController#index as */*
  Parameters: {"some_category"=>{"a_key"=>"[FILTERED]", "a_second_key"=>"[FILTERED]", "inner_inner_hash"=>{"key"=>"value"}}, "something_else"=>"aaahhhhh"}
Completed 200 OK in 0ms (Views: 0.2ms | ActiveRecord: 0.0ms | Allocations: 253)


Started POST "/users" for ::1 at 2023-01-11 14:39:39 -0800
Processing by UsersController#create as */*
  Parameters: {"some_category"=>{"a_key"=>"[FILTERED]", "a_second_key"=>"[FILTERED]", "inner_inner_hash"=>{"key"=>"value"}}, "something_else"=>"aaahhhhh"}
Completed 200 OK in 0ms (Views: 0.3ms | ActiveRecord: 0.0ms | Allocations: 151)


Started GET "/users?some_category[a_key]=[FILTERED]&some_category[a_second_key]=[FILTERED]&some_category[inner_inner_hash][key]=value&something_else=aaahhhhh" for ::1 at 2023-01-11 14:40:49 -0800
Processing by UsersController#index as */*
  Parameters: {"some_category"=>{"a_key"=>"[FILTERED]", "a_second_key"=>"[FILTERED]", "inner_inner_hash"=>{"key"=>"value"}}, "something_else"=>"aaahhhhh"}
Completed 200 OK in 0ms (Views: 0.3ms | ActiveRecord: 0.0ms | Allocations: 150)


Started GET "/users" for ::1 at 2023-01-11 14:41:58 -0800
Processing by UsersController#index as */*
  Parameters: {"id"=>"5", "some_category"=>{"a_key"=>"[FILTERED]", "a_second_key"=>"[FILTERED]", "inner_inner_hash"=>{"key"=>"value"}}, "something_else"=>"aaahhhhh"}
Completed 200 OK in 0ms (Views: 0.2ms | ActiveRecord: 0.0ms | Allocations: 159)


Started POST "/users" for ::1 at 2023-01-11 14:43:00 -0800
Processing by UsersController#create as */*
  Parameters: {"id"=>"5", "some_category"=>{"a_key"=>"[FILTERED]", "a_second_key"=>"[FILTERED]", "inner_inner_hash"=>{"key"=>"value"}}, "something_else"=>"aaahhhhh"}
Completed 200 OK in 0ms (Views: 0.2ms | ActiveRecord: 0.0ms | Allocations: 159)


  [1m[35m (17.1ms)[0m  [1m[35mCREATE TABLE "schema_migrations" ("version" character varying NOT NULL PRIMARY KEY)[0m
  [1m[35m (4.2ms)[0m  [1m[35mCREATE TABLE "ar_internal_metadata" ("key" character varying NOT NULL PRIMARY KEY, "value" character varying, "created_at" timestamp(6) NOT NULL, "updated_at" timestamp(6) NOT NULL)[0m
  [1m[35m (0.2ms)[0m  [1m[34mSELECT pg_try_advisory_lock(8351843619101397030)[0m
  [1m[36mActiveRecord::SchemaMigration Pluck (0.4ms)[0m  [1m[34mSELECT "schema_migrations"."version" FROM "schema_migrations" ORDER BY "schema_migrations"."version" ASC[0m
Migrating to CreateUsers (20230111224424)
  [1m[36mTRANSACTION (0.1ms)[0m  [1m[35mBEGIN[0m
  [1m[35m (5.4ms)[0m  [1m[35mCREATE TABLE "users" ("id" bigserial primary key, "name" character varying NOT NULL, "email" character varying NOT NULL, "created_at" timestamp(6) NOT NULL, "updated_at" timestamp(6) NOT NULL)[0m
  [1m[36mActiveRecord::SchemaMigration Create (2.5ms)[0m  [1m[32mINSERT INTO "schema_migrations" ("version") VALUES ($1) RETURNING "version"[0m  [["version", "20230111224424"]]
  [1m[36mTRANSACTION (0.3ms)[0m  [1m[35mCOMMIT[0m
  [1m[36mActiveRecord::InternalMetadata Load (0.4ms)[0m  [1m[34mSELECT "ar_internal_metadata".* FROM "ar_internal_metadata" WHERE "ar_internal_metadata"."key" = $1 LIMIT $2[0m  [["key", "environment"], ["LIMIT", 1]]
  [1m[36mTRANSACTION (0.1ms)[0m  [1m[35mBEGIN[0m
  [1m[36mActiveRecord::InternalMetadata Create (0.9ms)[0m  [1m[32mINSERT INTO "ar_internal_metadata" ("key", "value", "created_at", "updated_at") VALUES ($1, $2, $3, $4) RETURNING "key"[0m  [["key", "environment"], ["value", "development"], ["created_at", "2023-01-11 22:44:54.424487"], ["updated_at", "2023-01-11 22:44:54.424487"]]
  [1m[36mTRANSACTION (0.3ms)[0m  [1m[35mCOMMIT[0m
  [1m[35m (0.2ms)[0m  [1m[34mSELECT pg_advisory_unlock(8351843619101397030)[0m
  [1m[36mActiveRecord::SchemaMigration Pluck (0.6ms)[0m  [1m[34mSELECT "schema_migrations"."version" FROM "schema_migrations" ORDER BY "schema_migrations"."version" ASC[0m
  [1m[36mTRANSACTION (0.1ms)[0m  [1m[35mBEGIN[0m
  [1m[36mUser Create (0.9ms)[0m  [1m[32mINSERT INTO "users" ("name", "email", "created_at", "updated_at") VALUES ($1, $2, $3, $4) RETURNING "id"[0m  [["name", "jake"], ["email", "abc@abc.com"], ["created_at", "2023-01-11 22:53:12.246866"], ["updated_at", "2023-01-11 22:53:12.246866"]]
  [1m[36mTRANSACTION (0.4ms)[0m  [1m[35mCOMMIT[0m
  [1m[36mTRANSACTION (0.1ms)[0m  [1m[35mBEGIN[0m
  [1m[36mUser Create (0.3ms)[0m  [1m[32mINSERT INTO "users" ("name", "email", "created_at", "updated_at") VALUES ($1, $2, $3, $4) RETURNING "id"[0m  [["name", "jeff"], ["email", "xyz@xyz.com"], ["created_at", "2023-01-11 22:54:04.235333"], ["updated_at", "2023-01-11 22:54:04.235333"]]
  [1m[36mTRANSACTION (0.5ms)[0m  [1m[35mCOMMIT[0m
Started POST "/users" for ::1 at 2023-01-11 14:55:20 -0800
  [1m[36mActiveRecord::SchemaMigration Pluck (1.2ms)[0m  [1m[34mSELECT "schema_migrations"."version" FROM "schema_migrations" ORDER BY "schema_migrations"."version" ASC[0m
Processing by UsersController#create as */*
Completed 200 OK in 0ms (Views: 0.3ms | ActiveRecord: 0.0ms | Allocations: 366)


Started GET "/users" for ::1 at 2023-01-11 14:55:38 -0800
Processing by UsersController#index as */*
Completed 500 Internal Server Error in 5ms (ActiveRecord: 0.0ms | Allocations: 3272)



NameError - undefined local variable or method `users' for #<UsersController:0x000000000042b8>
      render json: users
                   ^^^^^
Did you mean?  users_url:
  app/controllers/users_controller.rb:4:in `index'

Started GET "/users" for ::1 at 2023-01-11 14:55:49 -0800
Processing by UsersController#index as */*
Completed 200 OK in 0ms (Views: 0.1ms | ActiveRecord: 0.0ms | Allocations: 251)


Started GET "/users" for ::1 at 2023-01-11 14:56:33 -0800
Processing by UsersController#index as */*
  [1m[36mUser Load (1.9ms)[0m  [1m[34mSELECT "users".* FROM "users"[0m
  ↳ app/controllers/users_controller.rb:5:in `index'
Completed 200 OK in 19ms (Views: 8.9ms | ActiveRecord: 7.2ms | Allocations: 6065)


Started POST "/users" for ::1 at 2023-01-11 14:58:52 -0800
Processing by UsersController#create as */*
Completed 400 Bad Request in 2ms (ActiveRecord: 0.0ms | Allocations: 1198)



ActionController::ParameterMissing - param is missing or the value is empty: user:
  app/controllers/users_controller.rb:27:in `user_params'
  app/controllers/users_controller.rb:9:in `create'

Started POST "/users" for ::1 at 2023-01-11 14:59:43 -0800
Processing by UsersController#create as */*
Completed 400 Bad Request in 2ms (ActiveRecord: 0.0ms | Allocations: 1166)



ActionController::ParameterMissing - param is missing or the value is empty: user:
  app/controllers/users_controller.rb:9:in `create'

Started POST "/users" for ::1 at 2023-01-11 15:00:36 -0800
Processing by UsersController#create as */*
Completed 400 Bad Request in 2ms (ActiveRecord: 0.0ms | Allocations: 1165)



ActionController::ParameterMissing - param is missing or the value is empty: user:
  app/controllers/users_controller.rb:9:in `create'

Started POST "/users" for ::1 at 2023-01-11 15:02:30 -0800
  [1m[36mActiveRecord::SchemaMigration Pluck (0.9ms)[0m  [1m[34mSELECT "schema_migrations"."version" FROM "schema_migrations" ORDER BY "schema_migrations"."version" ASC[0m
Processing by UsersController#create as */*
Completed 400 Bad Request in 2ms (ActiveRecord: 0.0ms | Allocations: 1359)



ActionController::ParameterMissing - param is missing or the value is empty: user:
  app/controllers/users_controller.rb:9:in `create'

Started POST "/users" for ::1 at 2023-01-11 15:04:41 -0800
Processing by UsersController#create as */*
  Parameters: {"name"=>"bob", "email"=>"bob@bob.com"}
Completed 400 Bad Request in 1ms (ActiveRecord: 0.0ms | Allocations: 600)



ActionController::ParameterMissing - param is missing or the value is empty: user:
  app/controllers/users_controller.rb:9:in `create'

Started POST "/users" for ::1 at 2023-01-11 15:06:42 -0800
Processing by UsersController#create as */*
  Parameters: {"name"=>"bob", "email"=>"bob@bob.com"}
Completed 400 Bad Request in 7ms (ActiveRecord: 0.0ms | Allocations: 1181)



ActionController::ParameterMissing - param is missing or the value is empty: user:
  app/controllers/users_controller.rb:29:in `user_params'
  app/controllers/users_controller.rb:9:in `create'

Started POST "/users" for ::1 at 2023-01-11 15:07:56 -0800
Processing by UsersController#create as */*
  Parameters: {"name"=>"bob", "email"=>"bob@bob.com"}
Completed 400 Bad Request in 38298ms (ActiveRecord: 0.0ms | Allocations: 83665)



ActionController::ParameterMissing - param is missing or the value is empty: user:
  app/controllers/users_controller.rb:30:in `user_params'
  app/controllers/users_controller.rb:10:in `create'

Started POST "/users" for ::1 at 2023-01-11 15:08:51 -0800
Processing by UsersController#create as */*
  Parameters: {"user"=>{"name"=>"bob", "email"=>"bob@bob.com"}}
  [1m[36mTRANSACTION (0.2ms)[0m  [1m[35mBEGIN[0m
  ↳ app/controllers/users_controller.rb:11:in `create'
  [1m[36mUser Create (0.9ms)[0m  [1m[32mINSERT INTO "users" ("name", "email", "created_at", "updated_at") VALUES ($1, $2, $3, $4) RETURNING "id"[0m  [["name", "bob"], ["email", "bob@bob.com"], ["created_at", "2023-01-11 23:08:58.309891"], ["updated_at", "2023-01-11 23:08:58.309891"]]
  ↳ app/controllers/users_controller.rb:11:in `create'
  [1m[36mTRANSACTION (2.1ms)[0m  [1m[35mCOMMIT[0m
  ↳ app/controllers/users_controller.rb:11:in `create'
Completed 200 OK in 7225ms (Views: 0.5ms | ActiveRecord: 8.2ms | Allocations: 9872)


Started GET "/users/2" for ::1 at 2023-01-11 15:10:48 -0800
Processing by UsersController#show as */*
  Parameters: {"user"=>{"name"=>"bob", "email"=>"bob@bob.com"}, "id"=>"2"}
  [1m[36mUser Load (0.3ms)[0m  [1m[34mSELECT "users".* FROM "users" WHERE "users"."id" = $1 LIMIT $2[0m  [["id", 2], ["LIMIT", 1]]
  ↳ app/controllers/users_controller.rb:19:in `show'
Completed 200 OK in 14ms (Views: 0.6ms | ActiveRecord: 2.9ms | Allocations: 6006)


Started PATCH "/users/2" for ::1 at 2023-01-11 15:14:13 -0800
Processing by UsersController#update as */*
  Parameters: {"user"=>{"name"=>"eric"}, "id"=>"2"}
  [1m[36mUser Load (0.2ms)[0m  [1m[34mSELECT "users".* FROM "users" WHERE "users"."id" = $1 LIMIT $2[0m  [["id", 2], ["LIMIT", 1]]
  ↳ app/controllers/users_controller.rb:27:in `update'
  [1m[36mTRANSACTION (0.1ms)[0m  [1m[35mBEGIN[0m
  ↳ app/controllers/users_controller.rb:29:in `update'
  [1m[36mUser Update (2.7ms)[0m  [1m[33mUPDATE "users" SET "name" = $1, "updated_at" = $2 WHERE "users"."id" = $3[0m  [["name", "eric"], ["updated_at", "2023-01-11 23:14:13.699465"], ["id", 2]]
  ↳ app/controllers/users_controller.rb:29:in `update'
  [1m[36mTRANSACTION (0.4ms)[0m  [1m[35mCOMMIT[0m
  ↳ app/controllers/users_controller.rb:29:in `update'
Redirected to http://localhost:3000/users/2
Completed 302 Found in 19ms (ActiveRecord: 6.1ms | Allocations: 6194)


Started GET "/users/2" for ::1 at 2023-01-11 15:14:13 -0800
Processing by UsersController#show as */*
  Parameters: {"id"=>"2"}
  [1m[36mUser Load (0.3ms)[0m  [1m[34mSELECT "users".* FROM "users" WHERE "users"."id" = $1 LIMIT $2[0m  [["id", 2], ["LIMIT", 1]]
  ↳ app/controllers/users_controller.rb:19:in `show'
Completed 200 OK in 3ms (Views: 0.7ms | ActiveRecord: 0.3ms | Allocations: 729)


Started DELETE "/users/2" for ::1 at 2023-01-11 15:16:41 -0800
Processing by UsersController#destroy as */*
  Parameters: {"id"=>"2"}
  [1m[36mUser Load (0.3ms)[0m  [1m[34mSELECT "users".* FROM "users" WHERE "users"."id" = $1 LIMIT $2[0m  [["id", 2], ["LIMIT", 1]]
  ↳ app/controllers/users_controller.rb:24:in `destroy'
  [1m[36mTRANSACTION (0.1ms)[0m  [1m[35mBEGIN[0m
  ↳ app/controllers/users_controller.rb:25:in `destroy'
  [1m[36mUser Destroy (0.3ms)[0m  [1m[31mDELETE FROM "users" WHERE "users"."id" = $1[0m  [["id", 2]]
  ↳ app/controllers/users_controller.rb:25:in `destroy'
  [1m[36mTRANSACTION (0.3ms)[0m  [1m[35mCOMMIT[0m
  ↳ app/controllers/users_controller.rb:25:in `destroy'
Completed 500 Internal Server Error in 32ms (ActiveRecord: 3.7ms | Allocations: 8232)



ActionView::MissingTemplate - Missing template users/destroy, application/destroy with {:locale=>[:en], :formats=>[:html, :text, :js, :css, :ics, :csv, :vcf, :vtt, :png, :jpeg, :gif, :bmp, :tiff, :svg, :mpeg, :mp3, :ogg, :m4a, :webm, :mp4, :otf, :ttf, :woff, :woff2, :xml, :rss, :atom, :yaml, :multipart_form, :url_encoded_form, :json, :pdf, :zip, :gzip], :variants=>[], :handlers=>[:raw, :erb, :html, :builder, :ruby]}.
Searched in:
  * "/Users/omarcamacho/Desktop/App Academy/classwork/W6D3/first_routes_controllers/app/views"
Did you mean?  layouts/application:
  app/controllers/users_controller.rb:26:in `destroy'

Started DELETE "/users/2" for ::1 at 2023-01-11 15:17:03 -0800
Processing by UsersController#destroy as */*
  Parameters: {"id"=>"2"}
  [1m[36mUser Load (0.3ms)[0m  [1m[34mSELECT "users".* FROM "users" WHERE "users"."id" = $1 LIMIT $2[0m  [["id", 2], ["LIMIT", 1]]
  ↳ app/controllers/users_controller.rb:24:in `destroy'
Completed 404 Not Found in 8ms (ActiveRecord: 2.8ms | Allocations: 3202)



ActiveRecord::RecordNotFound - Couldn't find User with 'id'=2:
  app/controllers/users_controller.rb:24:in `destroy'

Started GET "/users" for ::1 at 2023-01-11 15:17:13 -0800
Processing by UsersController#index as */*
  [1m[36mUser Load (0.2ms)[0m  [1m[34mSELECT "users".* FROM "users"[0m
  ↳ app/controllers/users_controller.rb:5:in `index'
Completed 200 OK in 4ms (Views: 3.6ms | ActiveRecord: 0.2ms | Allocations: 2104)


Started DELETE "/users/1" for ::1 at 2023-01-11 15:17:57 -0800
Processing by UsersController#destroy as */*
  Parameters: {"id"=>"1"}
  [1m[36mUser Load (0.2ms)[0m  [1m[34mSELECT "users".* FROM "users" WHERE "users"."id" = $1 LIMIT $2[0m  [["id", 1], ["LIMIT", 1]]
  ↳ app/controllers/users_controller.rb:24:in `destroy'
  [1m[36mTRANSACTION (0.1ms)[0m  [1m[35mBEGIN[0m
  ↳ app/controllers/users_controller.rb:25:in `destroy'
  [1m[36mUser Destroy (0.3ms)[0m  [1m[31mDELETE FROM "users" WHERE "users"."id" = $1[0m  [["id", 1]]
  ↳ app/controllers/users_controller.rb:25:in `destroy'
  [1m[36mTRANSACTION (0.5ms)[0m  [1m[35mCOMMIT[0m
  ↳ app/controllers/users_controller.rb:25:in `destroy'
Completed 200 OK in 5ms (Views: 0.1ms | ActiveRecord: 1.2ms | Allocations: 2071)


Started GET "/users" for ::1 at 2023-01-11 15:18:04 -0800
Processing by UsersController#index as */*
  [1m[36mUser Load (0.2ms)[0m  [1m[34mSELECT "users".* FROM "users"[0m
  ↳ app/controllers/users_controller.rb:5:in `index'
Completed 200 OK in 2ms (Views: 1.5ms | ActiveRecord: 0.2ms | Allocations: 780)


